<?xml version="1.0" encoding="UTF-8"?>
<!-- Generated by org.testng.reporters.JUnitReportReporter -->
<testsuite skipped="0" hostname="DESKTOP-INPVF25" name="APITestCases.TC4_Get_Request_GoogleMap" tests="1" failures="0" timestamp="04 Oct 2019 18:06:01 GMT" time="1.924" errors="0">
  <testcase name="googleMapTest" time="1.924" classname="APITestCases.TC4_Get_Request_GoogleMap"/>
</testsuite> <!-- APITestCases.TC4_Get_Request_GoogleMap -->
