<?xml version="1.0" encoding="UTF-8"?>
<!-- Generated by org.testng.reporters.JUnitReportReporter -->
<testsuite skipped="0" hostname="AWLIN-DT-11410" name="APITestCases.TC7Get_ValueOffNode" tests="1" failures="0" timestamp="01 Oct 2019 06:32:58 GMT" time="13.027" errors="0">
  <testcase name="getRequestDetials" time="13.027" classname="APITestCases.TC7Get_ValueOffNode"/>
</testsuite> <!-- APITestCases.TC7Get_ValueOffNode -->
