<?xml version="1.0" encoding="UTF-8"?>
<!-- Generated by org.testng.reporters.JUnitReportReporter -->
<testsuite skipped="0" hostname="AWLIN-DT-11410" name="APITestCases.TC5_get_Request_Axis_API" tests="1" failures="0" timestamp="01 Oct 2019 06:34:14 GMT" time="3.364" errors="0">
  <testcase name="getCurrencyRate" time="3.364" classname="APITestCases.TC5_get_Request_Axis_API"/>
</testsuite> <!-- APITestCases.TC5_get_Request_Axis_API -->
