<?xml version="1.0" encoding="UTF-8"?>
<!-- Generated by org.testng.reporters.JUnitReportReporter -->
<testsuite skipped="0" hostname="AWLIN-DT-11410" name="APITestCases.TC6_Get_PrintAllHeader" tests="1" failures="0" timestamp="01 Oct 2019 05:24:03 GMT" time="13.067" errors="0">
  <testcase name="getRequestDetials" time="13.067" classname="APITestCases.TC6_Get_PrintAllHeader"/>
</testsuite> <!-- APITestCases.TC6_Get_PrintAllHeader -->
