<?xml version="1.0" encoding="UTF-8"?>
<!-- Generated by org.testng.reporters.JUnitReportReporter -->
<testsuite skipped="0" hostname="DESKTOP-INPVF25" name="APITestCases.TC3_get_request" tests="1" failures="0" timestamp="04 Oct 2019 18:02:11 GMT" time="3.069" errors="0">
  <testcase name="userList" time="3.069" classname="APITestCases.TC3_get_request"/>
</testsuite> <!-- APITestCases.TC3_get_request -->
