<?xml version="1.0" encoding="UTF-8"?>
<!-- Generated by org.testng.reporters.JUnitReportReporter -->
<testsuite skipped="0" hostname="DESKTOP-INPVF25" name="APITestCases.TC1_Get_request" tests="1" failures="0" timestamp="04 Oct 2019 18:01:52 GMT" time="2.686" errors="0">
  <testcase name="getrequestdetials" time="2.686" classname="APITestCases.TC1_Get_request"/>
</testsuite> <!-- APITestCases.TC1_Get_request -->
